2020-10-13 21:49:11.499 [info] <0.44.0> Application lager started on node nonode@nohost
2020-10-13 21:49:11.504 [info] <0.44.0> Application xmerl started on node nonode@nohost
2020-10-13 21:49:11.523 [info] <0.44.0> Application sasl started on node nonode@nohost
2020-10-13 21:49:11.527 [info] <0.44.0> Application tools started on node nonode@nohost
2020-10-13 21:49:11.528 [info] <0.44.0> Application jsx started on node nonode@nohost
2020-10-13 21:49:11.533 [info] <0.44.0> Application ranch started on node nonode@nohost
2020-10-13 21:49:11.534 [info] <0.44.0> Application recon started on node nonode@nohost
2020-10-13 21:49:11.576 [info] <0.44.0> Application credentials_obfuscation started on node nonode@nohost
2020-10-13 21:49:11.576 [info] <0.44.0> Application rabbit_common started on node nonode@nohost
2020-10-13 21:49:11.583 [info] <0.44.0> Application amqp_client started on node nonode@nohost
2020-10-13 21:49:11.583 [info] <0.44.0> Application amqp started on node nonode@nohost
2020-10-13 21:49:11.583 [info] <0.44.0> Application gen_rmq started on node nonode@nohost
2020-10-13 21:49:11.584 [info] <0.44.0> Application gen_rmq214 started on node nonode@nohost
2020-10-13 21:49:44.081 [info] <0.44.0> Application lager started on node nonode@nohost
2020-10-13 21:49:44.103 [info] <0.44.0> Application xmerl started on node nonode@nohost
2020-10-13 21:49:44.140 [info] <0.44.0> Application sasl started on node nonode@nohost
2020-10-13 21:49:44.151 [info] <0.44.0> Application tools started on node nonode@nohost
2020-10-13 21:49:44.153 [info] <0.44.0> Application jsx started on node nonode@nohost
2020-10-13 21:49:44.164 [info] <0.44.0> Application ranch started on node nonode@nohost
2020-10-13 21:49:44.166 [info] <0.44.0> Application recon started on node nonode@nohost
2020-10-13 21:49:44.253 [info] <0.44.0> Application credentials_obfuscation started on node nonode@nohost
2020-10-13 21:49:44.253 [info] <0.44.0> Application rabbit_common started on node nonode@nohost
2020-10-13 21:49:44.275 [info] <0.44.0> Application amqp_client started on node nonode@nohost
2020-10-13 21:49:44.279 [info] <0.44.0> Application amqp started on node nonode@nohost
2020-10-13 21:49:44.279 [info] <0.44.0> Application gen_rmq started on node nonode@nohost
2020-10-13 21:49:44.280 [info] <0.44.0> Application gen_rmq214 started on node nonode@nohost
2020-10-13 21:57:39.395 [error] <0.327.0> gen_server <0.327.0> terminated with reason: socket_closed_unexpectedly
2020-10-13 21:57:39.403 [error] <0.327.0> CRASH REPORT Process <0.327.0> with 0 neighbours exited with reason: socket_closed_unexpectedly in gen_server:handle_common_reply/8 line 751
2020-10-13 21:57:39.413 [error] <0.325.0> Supervisor {<0.325.0>,amqp_connection_sup} had child connection started with amqp_gen_connection:start_link(<0.326.0>, {amqp_params_network,<<"guest">>,{plaintext,<<"guest">>},<<"/">>,"localhost",5672,2047,0,10,60000,...}) at <0.327.0> exit with reason socket_closed_unexpectedly in context child_terminated
2020-10-13 21:57:39.417 [error] <0.325.0> Supervisor {<0.325.0>,amqp_connection_sup} had child connection started with amqp_gen_connection:start_link(<0.326.0>, {amqp_params_network,<<"guest">>,{plaintext,<<"guest">>},<<"/">>,"localhost",5672,2047,0,10,60000,...}) at <0.327.0> exit with reason reached_max_restart_intensity in context shutdown
2020-10-13 21:59:05.961 [info] <0.44.0> Application lager started on node nonode@nohost
2020-10-13 21:59:05.969 [info] <0.44.0> Application xmerl started on node nonode@nohost
2020-10-13 21:59:05.984 [info] <0.44.0> Application sasl started on node nonode@nohost
2020-10-13 21:59:05.988 [info] <0.44.0> Application tools started on node nonode@nohost
2020-10-13 21:59:05.989 [info] <0.44.0> Application jsx started on node nonode@nohost
2020-10-13 21:59:05.994 [info] <0.44.0> Application ranch started on node nonode@nohost
2020-10-13 21:59:05.995 [info] <0.44.0> Application recon started on node nonode@nohost
2020-10-13 21:59:06.041 [info] <0.44.0> Application credentials_obfuscation started on node nonode@nohost
2020-10-13 21:59:06.041 [info] <0.44.0> Application rabbit_common started on node nonode@nohost
2020-10-13 21:59:06.052 [info] <0.44.0> Application amqp_client started on node nonode@nohost
2020-10-13 21:59:06.054 [info] <0.44.0> Application amqp started on node nonode@nohost
2020-10-13 21:59:06.055 [info] <0.44.0> Application gen_rmq started on node nonode@nohost
2020-10-13 21:59:06.055 [info] <0.44.0> Application gen_rmq214 started on node nonode@nohost
2020-10-13 22:03:31.425 [error] <0.1956.0> gen_server <0.1956.0> terminated with reason: socket_closed_unexpectedly
2020-10-13 22:03:31.430 [error] <0.1956.0> CRASH REPORT Process <0.1956.0> with 0 neighbours exited with reason: socket_closed_unexpectedly in gen_server:handle_common_reply/8 line 751
2020-10-13 22:03:31.432 [error] <0.1954.0> Supervisor {<0.1954.0>,amqp_connection_sup} had child connection started with amqp_gen_connection:start_link(<0.1955.0>, {amqp_params_network,<<"guest">>,{plaintext,<<"guest">>},<<"/">>,"localhost",5672,2047,0,10,60000,...}) at <0.1956.0> exit with reason socket_closed_unexpectedly in context child_terminated
2020-10-13 22:03:31.432 [error] <0.1954.0> Supervisor {<0.1954.0>,amqp_connection_sup} had child connection started with amqp_gen_connection:start_link(<0.1955.0>, {amqp_params_network,<<"guest">>,{plaintext,<<"guest">>},<<"/">>,"localhost",5672,2047,0,10,60000,...}) at <0.1956.0> exit with reason reached_max_restart_intensity in context shutdown
2020-10-13 22:04:59.984 [info] <0.44.0> Application lager started on node nonode@nohost
2020-10-13 22:04:59.990 [info] <0.44.0> Application xmerl started on node nonode@nohost
2020-10-13 22:05:00.003 [info] <0.44.0> Application sasl started on node nonode@nohost
2020-10-13 22:05:00.012 [info] <0.44.0> Application tools started on node nonode@nohost
2020-10-13 22:05:00.014 [info] <0.44.0> Application jsx started on node nonode@nohost
2020-10-13 22:05:00.020 [info] <0.44.0> Application ranch started on node nonode@nohost
2020-10-13 22:05:00.021 [info] <0.44.0> Application recon started on node nonode@nohost
2020-10-13 22:05:00.063 [info] <0.44.0> Application credentials_obfuscation started on node nonode@nohost
2020-10-13 22:05:00.063 [info] <0.44.0> Application rabbit_common started on node nonode@nohost
2020-10-13 22:05:00.073 [info] <0.44.0> Application amqp_client started on node nonode@nohost
2020-10-13 22:05:00.076 [info] <0.44.0> Application amqp started on node nonode@nohost
2020-10-13 22:05:00.077 [info] <0.44.0> Application gen_rmq started on node nonode@nohost
2020-10-13 22:05:00.077 [info] <0.44.0> Application gen_rmq214 started on node nonode@nohost
2020-10-13 22:06:41.620 [info] <0.44.0> Application lager started on node nonode@nohost
2020-10-13 22:06:41.627 [info] <0.44.0> Application xmerl started on node nonode@nohost
2020-10-13 22:06:41.649 [info] <0.44.0> Application sasl started on node nonode@nohost
2020-10-13 22:06:41.653 [info] <0.44.0> Application tools started on node nonode@nohost
2020-10-13 22:06:41.655 [info] <0.44.0> Application jsx started on node nonode@nohost
2020-10-13 22:06:41.660 [info] <0.44.0> Application ranch started on node nonode@nohost
2020-10-13 22:06:41.661 [info] <0.44.0> Application recon started on node nonode@nohost
2020-10-13 22:06:41.699 [info] <0.44.0> Application credentials_obfuscation started on node nonode@nohost
2020-10-13 22:06:41.699 [info] <0.44.0> Application rabbit_common started on node nonode@nohost
2020-10-13 22:06:41.708 [info] <0.44.0> Application amqp_client started on node nonode@nohost
2020-10-13 22:06:41.711 [info] <0.44.0> Application amqp started on node nonode@nohost
2020-10-13 22:06:41.711 [info] <0.44.0> Application gen_rmq started on node nonode@nohost
2020-10-13 22:06:41.711 [info] <0.44.0> Application gen_rmq214 started on node nonode@nohost
2020-10-13 22:07:30.116 [error] <0.297.0>@Elixir.GenRMQ.Consumer:handle_info:403 gen_server 'Elixir.ExampleConsumer' terminated with reason: no match of right hand value nil in 'Elixir.GenRMQ.Consumer':handle_info/2 line 403
2020-10-13 22:07:30.116 [error] <0.297.0>@Elixir.GenRMQ.Consumer:handle_info:403 CRASH REPORT Process 'Elixir.ExampleConsumer' with 1 neighbours crashed with reason: no match of right hand value nil in 'Elixir.GenRMQ.Consumer':handle_info/2 line 403
2020-10-13 22:07:30.117 [error] <0.317.0>@Elixir.GenRMQ.Consumer:handle_info:403 gen_server <0.317.0> terminated with reason: no match of right hand value nil in 'Elixir.GenRMQ.Consumer':handle_info/2 line 403
2020-10-13 22:07:30.117 [error] <0.317.0>@Elixir.GenRMQ.Consumer:handle_info:403 CRASH REPORT Process <0.317.0> with 0 neighbours exited with reason: no match of right hand value nil in 'Elixir.GenRMQ.Consumer':handle_info/2 line 403 in gen_server:decode_msg/9 line 432
2020-10-13 22:07:30.117 [error] <0.280.0>@Elixir.GenRMQ.Consumer:handle_info:403 gen_server 'Elixir.ExamplePublisher' terminated with reason: no match of right hand value nil in 'Elixir.GenRMQ.Consumer':handle_info/2 line 403
2020-10-13 22:07:30.117 [error] <0.280.0>@Elixir.GenRMQ.Consumer:handle_info:403 CRASH REPORT Process 'Elixir.ExamplePublisher' with 0 neighbours exited with reason: no match of right hand value nil in 'Elixir.GenRMQ.Consumer':handle_info/2 line 403 in gen_server:decode_msg/9 line 432
